Electric Version 8.05
--------------- 0 --------------
  Tue Feb 18 14:29:39 EST 2020
Menu Activated: File | Open Library...
--------------- 1 --------------
  Tue Feb 18 14:29:46 EST 2020
Menu Activated: Tool | Simulation (Built-in) | ALS: Simulate Current Cell
--------------- 2 --------------
  Tue Feb 18 14:29:51 EST 2020
Menu Activated: Tool | Simulation (Built-in) | Restore Stimuli from Disk...
--------------- 3 --------------
  Tue Feb 18 14:29:59 EST 2020
Menu Activated: Edit | Modes | Edit | Toggle Pan
--------------- 4 --------------
  Tue Feb 18 14:30:16 EST 2020
Menu Activated: Tool | Simulation (Built-in) | Update Simulation Window
--------------- 5 --------------
  Tue Feb 18 14:32:11 EST 2020
Menu Activated: Tool | Simulation (Built-in) | Update Simulation Window
--------------- 6 --------------
  Tue Feb 18 14:32:20 EST 2020
Menu Activated: Tool | Simulation (Built-in) | Update Simulation Window
--------------- 7 --------------
  Tue Feb 18 14:33:04 EST 2020
Menu Activated: Edit | Modes | Select | Select Area
--------------- 8 --------------
  Tue Feb 18 14:33:05 EST 2020
Menu Activated: Edit | Modes | Select | Select Objects
--------------- 9 --------------
  Tue Feb 18 14:33:08 EST 2020
Menu Activated: Window | Fill Window
--------------- 10 --------------
  Tue Feb 18 14:33:14 EST 2020
Menu Activated: Window | Zoom Out
--------------- 11 --------------
  Tue Feb 18 14:33:17 EST 2020
Menu Activated: Window | Zoom Out
--------------- 12 --------------
  Tue Feb 18 14:33:30 EST 2020
Menu Activated: Tool | Simulation (Built-in) | Update Simulation Window
